c:\users\xavie\source\repos\assignment2-mariobros-991247099\assignme.b3ae297c\x64\debug\vc143.pdb
c:\users\xavie\source\repos\assignment2-mariobros-991247099\assignme.b3ae297c\x64\debug\vc143.idb
c:\users\xavie\source\repos\assignment2-mariobros-991247099\assignme.b3ae297c\x64\debug\timer.obj
c:\users\xavie\source\repos\assignment2-mariobros-991247099\assignme.b3ae297c\x64\debug\resources.obj
c:\users\xavie\source\repos\assignment2-mariobros-991247099\assignme.b3ae297c\x64\debug\texturecontroller.obj
c:\users\xavie\source\repos\assignment2-mariobros-991247099\assignme.b3ae297c\x64\debug\player.obj
c:\users\xavie\source\repos\assignment2-mariobros-991247099\assignme.b3ae297c\x64\debug\piranhaplant.obj
c:\users\xavie\source\repos\assignment2-mariobros-991247099\assignme.b3ae297c\x64\debug\physicsengine.obj
c:\users\xavie\source\repos\assignment2-mariobros-991247099\assignme.b3ae297c\x64\debug\main.obj
c:\users\xavie\source\repos\assignment2-mariobros-991247099\assignme.b3ae297c\x64\debug\level.obj
c:\users\xavie\source\repos\assignment2-mariobros-991247099\assignme.b3ae297c\x64\debug\gamecontroller.obj
c:\users\xavie\source\repos\assignment2-mariobros-991247099\assignme.b3ae297c\x64\debug\goomba.obj
c:\users\xavie\source\repos\assignment2-mariobros-991247099\assignme.b3ae297c\x64\debug\coin.obj
c:\users\xavie\source\repos\assignment2-mariobros-991247099\assignme.b3ae297c\x64\debug\camera.obj
c:\users\xavie\source\repos\assignment2-mariobros-991247099\assignme.b3ae297c\x64\debug\bulletbill.obj
c:\users\xavie\source\repos\assignment2-mariobros-991247099\assignme.b3ae297c\x64\debug\animation.obj
c:\users\xavie\source\repos\assignment2-mariobros-991247099\x64\debug\assignment2-mariobros-991247099.exe
c:\users\xavie\source\repos\assignment2-mariobros-991247099\x64\debug\assignment2-mariobros-991247099.pdb
c:\users\xavie\source\repos\assignment2-mariobros-991247099\assignme.b3ae297c\x64\debug\assignment2-mariobros-991247099.ilk
c:\users\xavie\source\repos\assignment2-mariobros-991247099\assignme.b3ae297c\x64\debug\assignme.b3ae297c.tlog\cl.command.1.tlog
c:\users\xavie\source\repos\assignment2-mariobros-991247099\assignme.b3ae297c\x64\debug\assignme.b3ae297c.tlog\cl.items.tlog
c:\users\xavie\source\repos\assignment2-mariobros-991247099\assignme.b3ae297c\x64\debug\assignme.b3ae297c.tlog\cl.read.1.tlog
c:\users\xavie\source\repos\assignment2-mariobros-991247099\assignme.b3ae297c\x64\debug\assignme.b3ae297c.tlog\cl.write.1.tlog
c:\users\xavie\source\repos\assignment2-mariobros-991247099\assignme.b3ae297c\x64\debug\assignme.b3ae297c.tlog\link.command.1.tlog
c:\users\xavie\source\repos\assignment2-mariobros-991247099\assignme.b3ae297c\x64\debug\assignme.b3ae297c.tlog\link.read.1.tlog
c:\users\xavie\source\repos\assignment2-mariobros-991247099\assignme.b3ae297c\x64\debug\assignme.b3ae297c.tlog\link.secondary.1.tlog
c:\users\xavie\source\repos\assignment2-mariobros-991247099\assignme.b3ae297c\x64\debug\assignme.b3ae297c.tlog\link.write.1.tlog
